<?xml version="1.0" encoding="UTF-8"?>
<testng-results ignored="0" total="2" passed="2" failed="0" skipped="0">
  <reporter-output>
  </reporter-output>
  <suite started-at="2022-04-27T12:53:44 IST" name="Default suite" finished-at="2022-04-27T12:53:53 IST" duration-ms="9364">
    <groups>
    </groups>
    <test started-at="2022-04-27T12:53:44 IST" name="Default test" finished-at="2022-04-27T12:53:53 IST" duration-ms="9364">
      <class name="testcases.TestCase1">
        <test-method is-config="true" signature="setUp()[pri:0, instance:testcases.TestCase1@2145b572]" started-at="2022-04-27T12:53:44 IST" name="setUp" finished-at="2022-04-27T12:53:49 IST" duration-ms="4609" status="PASS">
          <reporter-output>
          </reporter-output>
        </test-method> <!-- setUp -->
        <test-method signature="clickFundRaiser()[pri:0, instance:testcases.TestCase1@2145b572]" started-at="2022-04-27T12:53:49 IST" name="clickFundRaiser" finished-at="2022-04-27T12:53:50 IST" duration-ms="1217" status="PASS">
          <reporter-output>
          </reporter-output>
        </test-method> <!-- clickFundRaiser -->
        <test-method is-config="true" signature="setUp()[pri:0, instance:testcases.TestCase1@2145b572]" started-at="2022-04-27T12:53:50 IST" name="setUp" finished-at="2022-04-27T12:53:53 IST" duration-ms="3496" status="PASS">
          <reporter-output>
          </reporter-output>
        </test-method> <!-- setUp -->
        <test-method signature="validatePageTitle()[pri:1, instance:testcases.TestCase1@2145b572]" started-at="2022-04-27T12:53:53 IST" name="validatePageTitle" finished-at="2022-04-27T12:53:53 IST" duration-ms="8" status="PASS">
          <reporter-output>
          </reporter-output>
        </test-method> <!-- validatePageTitle -->
      </class> <!-- testcases.TestCase1 -->
    </test> <!-- Default test -->
  </suite> <!-- Default suite -->
</testng-results>
